<?xml version="1.0" encoding="UTF-8"?>
<!-- Generated by org.testng.reporters.JUnitXMLReporter -->
<testsuite ignored="0" hostname="Faizan-PC" failures="0" tests="7" name="Test" time="30.052" errors="0" timestamp="2025-05-22T16:54:19 IST">
  <testcase classname="pageObjectstestCases.LoginTest" name="LoggingInWithValidDetails" time="2.305"/>
  <testcase classname="pageObjectstestCases.LoginTest" name="LoggingInWithInValidDetails" time="1.172"/>
  <testcase classname="pageObjectstestCases.LoginTest" name="LoginingInWithInvalidEmail" time="1.244"/>
  <testcase classname="pageObjectstestCases.LoginTest" name="LogingInWithInvalidPassword" time="1.233"/>
  <testcase classname="pageObjectstestCases.LoginTest" name="LoggingInWithoutCreds" time="1.106"/>
  <testcase classname="pageObjectstestCases.LoginTest" name="ForgotPageValidation" time="5.956"/>
  <testcase classname="pageObjectstestCases.LoginTest" name="ValidatingEmailPlaceHolderTxt" time="0.566"/>
</testsuite> <!-- Test -->
