<?xml version="1.0" encoding="UTF-8"?>
<!-- Generated by org.testng.reporters.JUnitXMLReporter -->
<testsuite ignored="0" hostname="Faizan-PC" failures="0" tests="7" name="Test" time="25.513" errors="0" timestamp="2025-05-20T16:00:18 IST">
  <testcase classname="pageObjectstestCases.LoginTest" name="ForgotPageValidation" time="6.014"/>
  <testcase classname="pageObjectstestCases.LoginTest" name="LoggingInWithInValidDetails" time="1.201"/>
  <testcase classname="pageObjectstestCases.LoginTest" name="LoggingInWithValidDetails" time="2.33"/>
  <testcase classname="pageObjectstestCases.LoginTest" name="LoggingInWithoutCreds" time="1.118"/>
  <testcase classname="pageObjectstestCases.LoginTest" name="LogingInWithInvalidPassword" time="1.141"/>
  <testcase classname="pageObjectstestCases.LoginTest" name="LoginingInWithInvalidEmail" time="1.193"/>
  <testcase classname="pageObjectstestCases.LoginTest" name="ValidatingEmailPlaceHolderTxt" time="0.547"/>
</testsuite> <!-- Test -->
