<?xml version="1.0" encoding="UTF-8"?>
<!-- Generated by org.testng.reporters.JUnitXMLReporter -->
<testsuite ignored="0" hostname="Faizan-PC" failures="0" tests="4" name="Test" time="12.807" errors="0" timestamp="2025-04-22T21:21:41 IST">
  <testcase classname="pageObjectstestCases.RegistrationTest" name="ShouldNotRegisterWithKeyboardKeys" time="1.185"/>
  <testcase classname="pageObjectstestCases.RegistrationTest" name="ShouldNotRegisterWithKeyboardKeysEmail" time="1.199"/>
  <testcase classname="pageObjectstestCases.RegistrationTest" name="ShouldNotRegisterWithKeyboardKeysLname" time="1.264"/>
  <testcase classname="pageObjectstestCases.RegistrationTest" name="ShouldNotRegisterWithKeyboardKeysPassword" time="1.194"/>
</testsuite> <!-- Test -->
