<?xml version="1.0" encoding="UTF-8"?>
<!-- Generated by org.testng.reporters.JUnitXMLReporter -->
<testsuite ignored="0" hostname="Faizan-PC" failures="2" tests="6" name="Test" time="16.035" errors="0" timestamp="2025-04-14T22:00:50 IST">
  <testcase classname="pageObjectstestCases.RegistrationTest" name="PlaceHoldersVerification" time="0.483">
    <failure type="java.lang.AssertionError" message="expected [input-firstname] but found [null]">
      <![CDATA[java.lang.AssertionError: expected [input-firstname] but found [null]
at pageObjectstestCases.RegistrationTest.PlaceHoldersVerification(RegistrationTest.java:117)
at java.base/java.util.ArrayList.forEach(ArrayList.java:1511)
... Removed 33 stack frames]]>
    </failure>
  </testcase> <!-- PlaceHoldersVerification -->
  <testcase classname="pageObjectstestCases.RegistrationTest" name="RegistaringAccountWithNewsLetterEnabled" time="2.148"/>
  <testcase classname="pageObjectstestCases.RegistrationTest" name="RegistaringAccountWithValidData" time="1.503"/>
  <testcase classname="pageObjectstestCases.RegistrationTest" name="ShouldNotRegisterWithInValidEmail" time="0.727"/>
  <testcase classname="pageObjectstestCases.RegistrationTest" name="ShouldNotRegisterWithKeyboardKeys" time="0.554">
    <failure type="java.lang.AssertionError" message="expected [First Name must be between 1 and 32 characters!] but found []">
      <![CDATA[java.lang.AssertionError: expected [First Name must be between 1 and 32 characters!] but found []
at pageObjectstestCases.RegistrationTest.ShouldNotRegisterWithKeyboardKeys(RegistrationTest.java:94)
at java.base/java.util.ArrayList.forEach(ArrayList.java:1511)
... Removed 33 stack frames]]>
    </failure>
  </testcase> <!-- ShouldNotRegisterWithKeyboardKeys -->
  <testcase classname="pageObjectstestCases.RegistrationTest" name="ValidatingByRegisteringExistingAccount" time="1.049"/>
</testsuite> <!-- Test -->
