<?xml version="1.0" encoding="UTF-8"?>
<testng-results ignored="0" total="1" passed="1" failed="0" skipped="0">
  <reporter-output>
  </reporter-output>
  <suite started-at="2025-07-05T05:00:13 IST" name="Master Suite" finished-at="2025-07-05T05:00:21 IST" duration-ms="7743">
    <groups>
    </groups>
    <test started-at="2025-07-05T05:00:13 IST" name="Test" finished-at="2025-07-05T05:00:21 IST" duration-ms="7743">
      <class name="pageObjectstestCases.SearchBoxTest">
        <test-method is-config="true" signature="SetUp(java.lang.String,java.lang.String)[pri:0, instance:pageObjectstestCases.SearchBoxTest@2c1b194a]" started-at="2025-07-05T05:00:13 IST" name="SetUp" finished-at="2025-07-05T05:00:15 IST" duration-ms="1873" status="PASS">
          <params>
            <param index="0">
              <value>
                <![CDATA[windows]]>
              </value>
            </param>
            <param index="1">
              <value>
                <![CDATA[chrome]]>
              </value>
            </param>
          </params>
          <reporter-output>
          </reporter-output>
        </test-method> <!-- SetUp -->
        <test-method signature="ValidatingSearchBoxResults()[pri:0, instance:pageObjectstestCases.SearchBoxTest@2c1b194a]" started-at="2025-07-05T05:00:15 IST" name="ValidatingSearchBoxResults" finished-at="2025-07-05T05:00:20 IST" duration-ms="5596" status="PASS">
          <reporter-output>
          </reporter-output>
        </test-method> <!-- ValidatingSearchBoxResults -->
        <test-method is-config="true" signature="TearDown()[pri:0, instance:pageObjectstestCases.SearchBoxTest@2c1b194a]" started-at="2025-07-05T05:00:20 IST" name="TearDown" finished-at="2025-07-05T05:00:21 IST" duration-ms="100" status="PASS">
          <reporter-output>
          </reporter-output>
        </test-method> <!-- TearDown -->
      </class> <!-- pageObjectstestCases.SearchBoxTest -->
    </test> <!-- Test -->
  </suite> <!-- Master Suite -->
</testng-results>
